Log file open, 10/11/19 15:15:26
LogWindows: Failed to load 'aqProf.dll' (GetLastError=126)
LogWindows: File 'aqProf.dll' does not exist
LogWindows: Failed to load 'VtuneApi.dll' (GetLastError=126)
LogWindows: File 'VtuneApi.dll' does not exist
LogWindows: Failed to load 'VtuneApi32e.dll' (GetLastError=126)
LogWindows: File 'VtuneApi32e.dll' does not exist
LogConsoleResponse: Display: Failed to find resolution value strings in scalability ini. Falling back to default.
LogInit: Display: Running engine for game: COOPFPS
LogPlatformFile: Not using cached read wrapper
LogTaskGraph: Started task graph with 5 named threads and 47 total threads with 3 sets of task threads.
LogStats: Stats thread started at 0.196850
LogD3D11RHI: Loaded GFSDK_Aftermath_Lib.x64.dll
LogICUInternationalization: ICU TimeZone Detection - Raw Offset: +9:00, Platform Override: ''
LogPluginManager: Mounting plugin Paper2D
LogPluginManager: Mounting plugin AISupport
LogPluginManager: Mounting plugin LightPropagationVolume
LogPluginManager: Mounting plugin ActorLayerUtilities
LogPluginManager: Mounting plugin AnimationSharing
LogPluginManager: Mounting plugin CLionSourceCodeAccess
LogPluginManager: Mounting plugin CodeLiteSourceCodeAccess
LogPluginManager: Mounting plugin GitSourceControl
LogPluginManager: Mounting plugin KDevelopSourceCodeAccess
LogPluginManager: Mounting plugin NullSourceCodeAccess
LogPluginManager: Mounting plugin PerforceSourceControl
LogPluginManager: Mounting plugin SubversionSourceControl
LogPluginManager: Mounting plugin UObjectPlugin
LogPluginManager: Mounting plugin VisualStudioCodeSourceCodeAccess
LogPluginManager: Mounting plugin VisualStudioSourceCodeAccess
LogPluginManager: Mounting plugin XCodeSourceCodeAccess
LogPluginManager: Mounting plugin AssetManagerEditor
LogPluginManager: Mounting plugin CryptoKeys
LogPluginManager: Mounting plugin CurveEditorTools
LogPluginManager: Mounting plugin DataValidation
LogPluginManager: Mounting plugin FacialAnimation
LogPluginManager: Mounting plugin GameplayTagsEditor
LogPluginManager: Mounting plugin MacGraphicsSwitching
LogPluginManager: Mounting plugin MaterialAnalyzer
LogPluginManager: Mounting plugin MobileLauncherProfileWizard
LogPluginManager: Mounting plugin PluginBrowser
LogPluginManager: Mounting plugin SpeedTreeImporter
LogPluginManager: Mounting plugin DatasmithContent
LogPluginManager: Mounting plugin VariantManagerContent
LogPluginManager: Mounting plugin AlembicImporter
LogPluginManager: Mounting plugin AutomationUtils
LogPluginManager: Mounting plugin BackChannel
LogPluginManager: Mounting plugin CharacterAI
LogPluginManager: Mounting plugin GeometryCache
LogPluginManager: Mounting plugin HTML5Networking
LogPluginManager: Mounting plugin PlatformCrypto
LogPluginManager: Mounting plugin ProxyLODPlugin
LogPluginManager: Mounting plugin SkeletalReduction
LogPluginManager: Mounting plugin MagicLeap
LogPluginManager: Mounting plugin MagicLeapMedia
LogPluginManager: Mounting plugin AndroidMedia
LogPluginManager: Mounting plugin AvfMedia
LogPluginManager: Mounting plugin ImgMedia
LogPluginManager: Mounting plugin MediaCompositing
LogPluginManager: Mounting plugin MediaPlayerEditor
LogPluginManager: Mounting plugin WebMMedia
LogPluginManager: Mounting plugin WmfMedia
LogPluginManager: Mounting plugin TcpMessaging
LogPluginManager: Mounting plugin UdpMessaging
LogPluginManager: Mounting plugin ActorSequence
LogPluginManager: Mounting plugin LevelSequenceEditor
LogPluginManager: Mounting plugin MatineeToLevelSequence
LogPluginManager: Mounting plugin NetcodeUnitTest
LogPluginManager: Mounting plugin NUTUnrealEngine4
LogPluginManager: Mounting plugin OnlineSubsystemGooglePlay
LogPluginManager: Mounting plugin OnlineSubsystemIOS
LogPluginManager: Mounting plugin OnlineSubsystem
LogPluginManager: Mounting plugin OnlineSubsystemNull
LogPluginManager: Mounting plugin OnlineSubsystemUtils
LogPluginManager: Mounting plugin LauncherChunkInstaller
LogPluginManager: Mounting plugin AndroidDeviceProfileSelector
LogPluginManager: Mounting plugin AndroidMoviePlayer
LogPluginManager: Mounting plugin AndroidPermission
LogPluginManager: Mounting plugin AppleImageUtils
LogPluginManager: Mounting plugin AppleMoviePlayer
LogPluginManager: Mounting plugin ArchVisCharacter
LogPluginManager: Mounting plugin AudioCapture
LogPluginManager: Mounting plugin CableComponent
LogPluginManager: Mounting plugin CustomMeshComponent
LogPluginManager: Mounting plugin EditableMesh
LogPluginManager: Mounting plugin ExampleDeviceProfileSelector
LogPluginManager: Mounting plugin GoogleCloudMessaging
LogPluginManager: Mounting plugin IOSDeviceProfileSelector
LogPluginManager: Mounting plugin LinuxDeviceProfileSelector
LogPluginManager: Mounting plugin LocationServicesBPLibrary
LogPluginManager: Mounting plugin MobilePatchingUtils
LogPluginManager: Mounting plugin OculusVR
LogPluginManager: Mounting plugin PhysXVehicles
LogPluginManager: Mounting plugin ProceduralMeshComponent
LogPluginManager: Mounting plugin RuntimePhysXCooking
LogPluginManager: Mounting plugin SignificanceManager
LogPluginManager: Mounting plugin SteamVR
LogPluginManager: Mounting plugin WebMMoviePlayer
LogPluginManager: Mounting plugin WindowsMoviePlayer
LogPluginManager: Mounting plugin ScreenshotTools
LogInit: Using libcurl 7.55.1-DEV
LogInit:  - built for x86_64-pc-win32
LogInit:  - supports SSL with OpenSSL/1.1.1
LogInit:  - supports HTTP deflate (compression) using libz 1.2.8
LogInit:  - other features:
LogInit:      CURL_VERSION_SSL
LogInit:      CURL_VERSION_LIBZ
LogInit:      CURL_VERSION_IPV6
LogInit:      CURL_VERSION_ASYNCHDNS
LogInit:      CURL_VERSION_LARGEFILE
LogInit:      CURL_VERSION_IDN
LogInit:  CurlRequestOptions (configurable via config and command line):
LogInit:  - bVerifyPeer = true  - Libcurl will verify peer certificate
LogInit:  - bUseHttpProxy = false  - Libcurl will NOT use HTTP proxy
LogInit:  - bDontReuseConnections = false  - Libcurl will reuse connections
LogInit:  - MaxHostConnections = 16  - Libcurl will limit the number of connections to a host
LogInit:  - LocalHostAddr = Default
LogInit:  - BufferSize = 65536
LogOnline: OSS: Creating online subsystem instance for: NULL
LogInit: WinSock: version 1.1 (2.2), MaxSocks=32767, MaxUdp=65467
LogInit: Build: ++UE4+Release-4.23-CL-8386587
LogInit: Engine Version: 4.23.0-8386587+++UE4+Release-4.23
LogInit: Compatible Engine Version: 4.23.0-8386587+++UE4+Release-4.23
LogInit: Net CL: 8386587
LogInit: OS: Windows 10 (Release 1809) (), CPU: AMD Ryzen 7 2700X Eight-Core Processor         , GPU: NVIDIA GeForce RTX 2080
LogInit: Compiled (64-bit): Aug 31 2019 02:04:44
LogInit: Compiled with Visual C++: 19.16.27030.01
LogInit: Build Configuration: Development
LogInit: Branch Name: ++UE4+Release-4.23
LogInit: Command Line:  -skipcompile
LogInit: Base Directory: C:/Program Files/Epic Games/UE_4.23/Engine/Binaries/Win64/
LogInit: Installed Engine Build: 1
LogDevObjectVersion: Number of dev versions registered: 23
LogDevObjectVersion:   Dev-Blueprints (B0D832E4-1F89-4F0D-ACCF-7EB736FD4AA2): 10
LogDevObjectVersion:   Dev-Build (E1C64328-A22C-4D53-A36C-8E866417BD8C): 0
LogDevObjectVersion:   Dev-Core (375EC13C-06E4-48FB-B500-84F0262A717E): 3
LogDevObjectVersion:   Dev-Editor (E4B068ED-F494-42E9-A231-DA0B2E46BB41): 34
LogDevObjectVersion:   Dev-Framework (CFFC743F-43B0-4480-9391-14DF171D2073): 35
LogDevObjectVersion:   Dev-Mobile (B02B49B5-BB20-44E9-A304-32B752E40360): 2
LogDevObjectVersion:   Dev-Networking (A4E4105C-59A1-49B5-A7C5-40C4547EDFEE): 0
LogDevObjectVersion:   Dev-Online (39C831C9-5AE6-47DC-9A44-9C173E1C8E7C): 0
LogDevObjectVersion:   Dev-Physics (78F01B33-EBEA-4F98-B9B4-84EACCB95AA2): 0
LogDevObjectVersion:   Dev-Platform (6631380F-2D4D-43E0-8009-CF276956A95A): 0
LogDevObjectVersion:   Dev-Rendering (12F88B9F-8875-4AFC-A67C-D90C383ABD29): 31
LogDevObjectVersion:   Dev-Sequencer (7B5AE74C-D270-4C10-A958-57980B212A5A): 11
LogDevObjectVersion:   Dev-VR (D7296918-1DD6-4BDD-9DE2-64A83CC13884): 2
LogDevObjectVersion:   Dev-LoadTimes (C2A15278-BFE7-4AFE-6C17-90FF531DF755): 1
LogDevObjectVersion:   Private-Geometry (6EACA3D4-40EC-4CC1-B786-8BED09428FC5): 3
LogDevObjectVersion:   Dev-AnimPhys (29E575DD-E0A3-4627-9D10-D276232CDCEA): 17
LogDevObjectVersion:   Dev-Anim (AF43A65D-7FD3-4947-9873-3E8ED9C1BB05): 2
LogDevObjectVersion:   Dev-ReflectionCapture (6B266CEC-1EC7-4B8F-A30B-E4D90942FC07): 1
LogDevObjectVersion:   Dev-Automation (0DF73D61-A23F-47EA-B727-89E90C41499A): 1
LogDevObjectVersion:   FortniteMain (601D1886-AC64-4F84-AA16-D3DE0DEAC7D6): 27
LogDevObjectVersion:   Dev-Enterprise (9DFFBCD6-494F-0158-E221-12823C92A888): 6
LogDevObjectVersion:   Dev-Niagara (F2AED0AC-9AFE-416F-8664-AA7FFA26D6FC): 1
LogDevObjectVersion:   Dev-Destruction (174F1F0B-B4C6-45A5-B13F-2EE8D0FB917D): 9
LogInit: Presizing for max 16777216 objects, including 0 objects not considered by GC, pre-allocating 0 bytes for permanent pool.
LogInit: Object subsystem initialized
LogConfig: Setting CVar [[con.DebugEarlyDefault:1]]
LogConfig: Setting CVar [[r.setres:1280x720]]
[2019.10.11-06.15.26:563][  0]LogConfig: Setting CVar [[r.VSync:0]]
[2019.10.11-06.15.26:563][  0]LogConfig: Setting CVar [[r.RHICmdBypass:0]]
[2019.10.11-06.15.26:563][  0]LogConfig: Applying CVar settings from Section [/Script/Engine.RendererSettings] File [E:/Unreal4/CO-OP-FPS-Game/COOPFPS/Saved/Config/Windows/Engine.ini]
[2019.10.11-06.15.26:563][  0]LogConfig: Setting CVar [[r.GPUCrashDebugging:0]]
[2019.10.11-06.15.26:563][  0]LogConfig: Setting CVar [[r.DefaultFeature.AutoExposure.ExtendDefaultLuminanceRange:1]]
[2019.10.11-06.15.26:563][  0]LogConfig: Applying CVar settings from Section [/Script/Engine.RendererOverrideSettings] File [E:/Unreal4/CO-OP-FPS-Game/COOPFPS/Saved/Config/Windows/Engine.ini]
[2019.10.11-06.15.26:563][  0]LogConfig: Applying CVar settings from Section [/Script/Engine.StreamingSettings] File [E:/Unreal4/CO-OP-FPS-Game/COOPFPS/Saved/Config/Windows/Engine.ini]
[2019.10.11-06.15.26:563][  0]LogConfig: Setting CVar [[s.MinBulkDataSizeForAsyncLoading:131072]]
[2019.10.11-06.15.26:563][  0]LogConfig: Setting CVar [[s.AsyncLoadingThreadEnabled:0]]
[2019.10.11-06.15.26:564][  0]LogConfig: Setting CVar [[s.EventDrivenLoaderEnabled:1]]
[2019.10.11-06.15.26:564][  0]LogConfig: Setting CVar [[s.WarnIfTimeLimitExceeded:0]]
[2019.10.11-06.15.26:564][  0]LogConfig: Setting CVar [[s.TimeLimitExceededMultiplier:1.5]]
[2019.10.11-06.15.26:564][  0]LogConfig: Setting CVar [[s.TimeLimitExceededMinTime:0.005]]
[2019.10.11-06.15.26:564][  0]LogConfig: Setting CVar [[s.UseBackgroundLevelStreaming:1]]
[2019.10.11-06.15.26:564][  0]LogConfig: Setting CVar [[s.PriorityAsyncLoadingExtraTime:15.0]]
[2019.10.11-06.15.26:564][  0]LogConfig: Setting CVar [[s.LevelStreamingActorsUpdateTimeLimit:5.0]]
[2019.10.11-06.15.26:564][  0]LogConfig: Setting CVar [[s.PriorityLevelStreamingActorsUpdateExtraTime:5.0]]
[2019.10.11-06.15.26:564][  0]LogConfig: Setting CVar [[s.LevelStreamingComponentsRegistrationGranularity:10]]
[2019.10.11-06.15.26:564][  0]LogConfig: Setting CVar [[s.UnregisterComponentsTimeLimit:1.0]]
[2019.10.11-06.15.26:564][  0]LogConfig: Setting CVar [[s.LevelStreamingComponentsUnregistrationGranularity:5]]
[2019.10.11-06.15.26:564][  0]LogConfig: Applying CVar settings from Section [/Script/Engine.GarbageCollectionSettings] File [E:/Unreal4/CO-OP-FPS-Game/COOPFPS/Saved/Config/Windows/Engine.ini]
[2019.10.11-06.15.26:564][  0]LogConfig: Setting CVar [[gc.MaxObjectsNotConsideredByGC:1]]
[2019.10.11-06.15.26:564][  0]LogConfig: Setting CVar [[gc.SizeOfPermanentObjectPool:0]]
[2019.10.11-06.15.26:564][  0]LogConfig: Setting CVar [[gc.FlushStreamingOnGC:0]]
[2019.10.11-06.15.26:564][  0]LogConfig: Setting CVar [[gc.NumRetriesBeforeForcingGC:10]]
[2019.10.11-06.15.26:564][  0]LogConfig: Setting CVar [[gc.AllowParallelGC:1]]
[2019.10.11-06.15.26:565][  0]LogConfig: Setting CVar [[gc.TimeBetweenPurgingPendingKillObjects:61.1]]
[2019.10.11-06.15.26:565][  0]LogConfig: Setting CVar [[gc.MaxObjectsInEditor:16777216]]
[2019.10.11-06.15.26:565][  0]LogConfig: Setting CVar [[gc.IncrementalBeginDestroyEnabled:1]]
[2019.10.11-06.15.26:565][  0]LogConfig: Setting CVar [[gc.CreateGCClusters:1]]
[2019.10.11-06.15.26:565][  0]LogConfig: Setting CVar [[gc.MinGCClusterSize:5]]
[2019.10.11-06.15.26:565][  0]LogConfig: Setting CVar [[gc.ActorClusteringEnabled:0]]
[2019.10.11-06.15.26:565][  0]LogConfig: Setting CVar [[gc.BlueprintClusteringEnabled:0]]
[2019.10.11-06.15.26:565][  0]LogConfig: Setting CVar [[gc.UseDisregardForGCOnDedicatedServers:0]]
[2019.10.11-06.15.26:565][  0]LogConfig: Applying CVar settings from Section [/Script/Engine.NetworkSettings] File [E:/Unreal4/CO-OP-FPS-Game/COOPFPS/Saved/Config/Windows/Engine.ini]
[2019.10.11-06.15.26:565][  0]LogConfig: Applying CVar settings from Section [/Script/UnrealEd.CookerSettings] File [E:/Unreal4/CO-OP-FPS-Game/COOPFPS/Saved/Config/Windows/Engine.ini]
[2019.10.11-06.15.26:571][  0]LogConfig: Applying CVar settings from Section [ViewDistanceQuality@3] File [E:/Unreal4/CO-OP-FPS-Game/COOPFPS/Saved/Config/Windows/Scalability.ini]
[2019.10.11-06.15.26:571][  0]LogConfig: Setting CVar [[r.SkeletalMeshLODBias:0]]
[2019.10.11-06.15.26:571][  0]LogConfig: Setting CVar [[r.ViewDistanceScale:1.0]]
[2019.10.11-06.15.26:571][  0]LogConfig: Applying CVar settings from Section [AntiAliasingQuality@3] File [E:/Unreal4/CO-OP-FPS-Game/COOPFPS/Saved/Config/Windows/Scalability.ini]
[2019.10.11-06.15.26:571][  0]LogConfig: Setting CVar [[r.PostProcessAAQuality:4]]
[2019.10.11-06.15.26:571][  0]LogConfig: Applying CVar settings from Section [ShadowQuality@3] File [E:/Unreal4/CO-OP-FPS-Game/COOPFPS/Saved/Config/Windows/Scalability.ini]
[2019.10.11-06.15.26:571][  0]LogConfig: Setting CVar [[r.LightFunctionQuality:1]]
[2019.10.11-06.15.26:571][  0]LogConfig: Setting CVar [[r.ShadowQuality:5]]
[2019.10.11-06.15.26:571][  0]LogConfig: Setting CVar [[r.Shadow.CSM.MaxCascades:10]]
[2019.10.11-06.15.26:572][  0]LogConfig: Setting CVar [[r.Shadow.MaxResolution:2048]]
[2019.10.11-06.15.26:572][  0]LogConfig: Setting CVar [[r.Shadow.MaxCSMResolution:2048]]
[2019.10.11-06.15.26:572][  0]LogConfig: Setting CVar [[r.Shadow.RadiusThreshold:0.01]]
[2019.10.11-06.15.26:572][  0]LogConfig: Setting CVar [[r.Shadow.DistanceScale:1.0]]
[2019.10.11-06.15.26:572][  0]LogConfig: Setting CVar [[r.Shadow.CSM.TransitionScale:1.0]]
[2019.10.11-06.15.26:572][  0]LogConfig: Setting CVar [[r.Shadow.PreShadowResolutionFactor:1.0]]
[2019.10.11-06.15.26:572][  0]LogConfig: Setting CVar [[r.DistanceFieldShadowing:1]]
[2019.10.11-06.15.26:572][  0]LogConfig: Setting CVar [[r.DistanceFieldAO:1]]
[2019.10.11-06.15.26:572][  0]LogConfig: Setting CVar [[r.AOQuality:2]]
[2019.10.11-06.15.26:572][  0]LogConfig: Setting CVar [[r.VolumetricFog:1]]
[2019.10.11-06.15.26:572][  0]LogConfig: Setting CVar [[r.VolumetricFog.GridPixelSize:8]]
[2019.10.11-06.15.26:572][  0]LogConfig: Setting CVar [[r.VolumetricFog.GridSizeZ:128]]
[2019.10.11-06.15.26:572][  0]LogConfig: Setting CVar [[r.VolumetricFog.HistoryMissSupersampleCount:4]]
[2019.10.11-06.15.26:572][  0]LogConfig: Setting CVar [[r.LightMaxDrawDistanceScale:1]]
[2019.10.11-06.15.26:572][  0]LogConfig: Setting CVar [[r.CapsuleShadows:1]]
[2019.10.11-06.15.26:572][  0]LogConfig: Applying CVar settings from Section [PostProcessQuality@3] File [E:/Unreal4/CO-OP-FPS-Game/COOPFPS/Saved/Config/Windows/Scalability.ini]
[2019.10.11-06.15.26:572][  0]LogConfig: Setting CVar [[r.MotionBlurQuality:4]]
[2019.10.11-06.15.26:572][  0]LogConfig: Setting CVar [[r.AmbientOcclusionMipLevelFactor:0.4]]
[2019.10.11-06.15.26:572][  0]LogConfig: Setting CVar [[r.AmbientOcclusionMaxQuality:100]]
[2019.10.11-06.15.26:572][  0]LogConfig: Setting CVar [[r.AmbientOcclusionLevels:-1]]
[2019.10.11-06.15.26:572][  0]LogConfig: Setting CVar [[r.AmbientOcclusionRadiusScale:1.0]]
[2019.10.11-06.15.26:572][  0]LogConfig: Setting CVar [[r.DepthOfFieldQuality:2]]
[2019.10.11-06.15.26:572][  0]LogConfig: Setting CVar [[r.RenderTargetPoolMin:400]]
[2019.10.11-06.15.26:573][  0]LogConfig: Setting CVar [[r.LensFlareQuality:2]]
[2019.10.11-06.15.26:573][  0]LogConfig: Setting CVar [[r.SceneColorFringeQuality:1]]
[2019.10.11-06.15.26:573][  0]LogConfig: Setting CVar [[r.EyeAdaptationQuality:2]]
[2019.10.11-06.15.26:573][  0]LogConfig: Setting CVar [[r.BloomQuality:5]]
[2019.10.11-06.15.26:573][  0]LogConfig: Setting CVar [[r.FastBlurThreshold:100]]
[2019.10.11-06.15.26:573][  0]LogConfig: Setting CVar [[r.Upscale.Quality:3]]
[2019.10.11-06.15.26:573][  0]LogConfig: Setting CVar [[r.Tonemapper.GrainQuantization:1]]
[2019.10.11-06.15.26:573][  0]LogConfig: Setting CVar [[r.LightShaftQuality:1]]
[2019.10.11-06.15.26:573][  0]LogConfig: Setting CVar [[r.Filter.SizeScale:1]]
[2019.10.11-06.15.26:573][  0]LogConfig: Setting CVar [[r.Tonemapper.Quality:5]]
[2019.10.11-06.15.26:573][  0]LogConfig: Setting CVar [[r.DOF.Gather.AccumulatorQuality:1        ; higher gathering accumulator quality]]
[2019.10.11-06.15.26:573][  0]LogConfig: Setting CVar [[r.DOF.Gather.PostfilterMethod:1          ; Median3x3 postfilering method]]
[2019.10.11-06.15.26:573][  0]LogConfig: Setting CVar [[r.DOF.Gather.EnableBokehSettings:0       ; no bokeh simulation when gathering]]
[2019.10.11-06.15.26:573][  0]LogConfig: Setting CVar [[r.DOF.Gather.RingCount:4                 ; medium number of samples when gathering]]
[2019.10.11-06.15.26:573][  0]LogConfig: Setting CVar [[r.DOF.Scatter.ForegroundCompositing:1    ; additive foreground scattering]]
[2019.10.11-06.15.26:573][  0]LogConfig: Setting CVar [[r.DOF.Scatter.BackgroundCompositing:2    ; additive background scattering]]
[2019.10.11-06.15.26:573][  0]LogConfig: Setting CVar [[r.DOF.Scatter.EnableBokehSettings:1      ; bokeh simulation when scattering]]
[2019.10.11-06.15.26:573][  0]LogConfig: Setting CVar [[r.DOF.Scatter.MaxSpriteRatio:0.1         ; only a maximum of 10% of scattered bokeh]]
[2019.10.11-06.15.26:573][  0]LogConfig: Setting CVar [[r.DOF.Recombine.Quality:1                ; cheap slight out of focus]]
[2019.10.11-06.15.26:573][  0]LogConfig: Setting CVar [[r.DOF.Recombine.EnableBokehSettings:0    ; no bokeh simulation on slight out of focus]]
[2019.10.11-06.15.26:573][  0]LogConfig: Setting CVar [[r.DOF.TemporalAAQuality:1                ; more stable temporal accumulation]]
[2019.10.11-06.15.26:573][  0]LogConfig: Setting CVar [[r.DOF.Kernel.MaxForegroundRadius:0.025]]
[2019.10.11-06.15.26:574][  0]LogConfig: Setting CVar [[r.DOF.Kernel.MaxBackgroundRadius:0.025]]
[2019.10.11-06.15.26:574][  0]LogConfig: Applying CVar settings from Section [TextureQuality@3] File [E:/Unreal4/CO-OP-FPS-Game/COOPFPS/Saved/Config/Windows/Scalability.ini]
[2019.10.11-06.15.26:574][  0]LogConfig: Setting CVar [[r.Streaming.MipBias:0]]
[2019.10.11-06.15.26:574][  0]LogConfig: Setting CVar [[r.Streaming.AmortizeCPUToGPUCopy:0]]
[2019.10.11-06.15.26:574][  0]LogConfig: Setting CVar [[r.Streaming.MaxNumTexturesToStreamPerFrame:0]]
[2019.10.11-06.15.26:574][  0]LogConfig: Setting CVar [[r.Streaming.Boost:1]]
[2019.10.11-06.15.26:574][  0]LogConfig: Setting CVar [[r.MaxAnisotropy:8]]
[2019.10.11-06.15.26:574][  0]LogConfig: Setting CVar [[r.Streaming.LimitPoolSizeToVRAM:0]]
[2019.10.11-06.15.26:574][  0]LogConfig: Setting CVar [[r.Streaming.PoolSize:1000]]
[2019.10.11-06.15.26:574][  0]LogConfig: Setting CVar [[r.Streaming.MaxEffectiveScreenSize:0]]
[2019.10.11-06.15.26:574][  0]LogConfig: Applying CVar settings from Section [EffectsQuality@3] File [E:/Unreal4/CO-OP-FPS-Game/COOPFPS/Saved/Config/Windows/Scalability.ini]
[2019.10.11-06.15.26:574][  0]LogConfig: Setting CVar [[r.TranslucencyLightingVolumeDim:64]]
[2019.10.11-06.15.26:574][  0]LogConfig: Setting CVar [[r.RefractionQuality:2]]
[2019.10.11-06.15.26:574][  0]LogConfig: Setting CVar [[r.SSR.Quality:3]]
[2019.10.11-06.15.26:574][  0]LogConfig: Setting CVar [[r.SceneColorFormat:4]]
[2019.10.11-06.15.26:574][  0]LogConfig: Setting CVar [[r.DetailMode:2]]
[2019.10.11-06.15.26:574][  0]LogConfig: Setting CVar [[r.TranslucencyVolumeBlur:1]]
[2019.10.11-06.15.26:574][  0]LogConfig: Setting CVar [[r.MaterialQualityLevel:1 ; High quality]]
[2019.10.11-06.15.26:575][  0]LogConfig: Setting CVar [[r.SSS.Scale:1]]
[2019.10.11-06.15.26:575][  0]LogConfig: Setting CVar [[r.SSS.SampleSet:2]]
[2019.10.11-06.15.26:575][  0]LogConfig: Setting CVar [[r.SSS.Quality:1]]
[2019.10.11-06.15.26:575][  0]LogConfig: Setting CVar [[r.SSS.HalfRes:1]]
[2019.10.11-06.15.26:575][  0]LogConfig: Setting CVar [[r.EmitterSpawnRateScale:1.0]]
[2019.10.11-06.15.26:575][  0]LogConfig: Setting CVar [[r.ParticleLightQuality:2]]
[2019.10.11-06.15.26:575][  0]LogConfig: Applying CVar settings from Section [FoliageQuality@3] File [E:/Unreal4/CO-OP-FPS-Game/COOPFPS/Saved/Config/Windows/Scalability.ini]
[2019.10.11-06.15.26:575][  0]LogConfig: Setting CVar [[foliage.DensityScale:1.0]]
[2019.10.11-06.15.26:575][  0]LogConfig: Setting CVar [[grass.DensityScale:1.0]]
[2019.10.11-06.15.26:575][  0]LogInit: Selected Device Profile: [Windows]
[2019.10.11-06.15.26:575][  0]LogInit: Applying CVar settings loaded from the selected device profile: [Windows]
[2019.10.11-06.15.26:578][  0]LogHAL: Display: Platform has ~ 8 GB [8517697536 / 8589934592 / 8], which maps to Default [LargestMinGB=32, LargerMinGB=12, DefaultMinGB=8, SmallerMinGB=6, SmallestMinGB=0)
[2019.10.11-06.15.26:578][  0]LogInit: Going up to parent DeviceProfile []
[2019.10.11-06.15.26:578][  0]LogConfig: Applying CVar settings from Section [ViewDistanceQuality@3] File [E:/Unreal4/CO-OP-FPS-Game/COOPFPS/Saved/Config/Windows/Scalability.ini]
[2019.10.11-06.15.26:578][  0]LogConfig: Setting CVar [[r.SkeletalMeshLODBias:0]]
[2019.10.11-06.15.26:578][  0]LogConfig: Setting CVar [[r.ViewDistanceScale:1.0]]
[2019.10.11-06.15.26:578][  0]LogConfig: Applying CVar settings from Section [AntiAliasingQuality@3] File [E:/Unreal4/CO-OP-FPS-Game/COOPFPS/Saved/Config/Windows/Scalability.ini]
[2019.10.11-06.15.26:578][  0]LogConfig: Setting CVar [[r.PostProcessAAQuality:4]]
[2019.10.11-06.15.26:578][  0]LogConfig: Applying CVar settings from Section [ShadowQuality@3] File [E:/Unreal4/CO-OP-FPS-Game/COOPFPS/Saved/Config/Windows/Scalability.ini]
[2019.10.11-06.15.26:578][  0]LogConfig: Setting CVar [[r.LightFunctionQuality:1]]
[2019.10.11-06.15.26:579][  0]LogConfig: Setting CVar [[r.ShadowQuality:5]]
[2019.10.11-06.15.26:579][  0]LogConfig: Setting CVar [[r.Shadow.CSM.MaxCascades:10]]
[2019.10.11-06.15.26:579][  0]LogConfig: Setting CVar [[r.Shadow.MaxResolution:2048]]
[2019.10.11-06.15.26:579][  0]LogConfig: Setting CVar [[r.Shadow.MaxCSMResolution:2048]]
[2019.10.11-06.15.26:579][  0]LogConfig: Setting CVar [[r.Shadow.RadiusThreshold:0.01]]
[2019.10.11-06.15.26:579][  0]LogConfig: Setting CVar [[r.Shadow.DistanceScale:1.0]]
[2019.10.11-06.15.26:579][  0]LogConfig: Setting CVar [[r.Shadow.CSM.TransitionScale:1.0]]
[2019.10.11-06.15.26:579][  0]LogConfig: Setting CVar [[r.Shadow.PreShadowResolutionFactor:1.0]]
[2019.10.11-06.15.26:579][  0]LogConfig: Setting CVar [[r.DistanceFieldShadowing:1]]
[2019.10.11-06.15.26:579][  0]LogConfig: Setting CVar [[r.DistanceFieldAO:1]]
[2019.10.11-06.15.26:579][  0]LogConfig: Setting CVar [[r.AOQuality:2]]
[2019.10.11-06.15.26:579][  0]LogConfig: Setting CVar [[r.VolumetricFog:1]]
[2019.10.11-06.15.26:579][  0]LogConfig: Setting CVar [[r.VolumetricFog.GridPixelSize:8]]
[2019.10.11-06.15.26:579][  0]LogConfig: Setting CVar [[r.VolumetricFog.GridSizeZ:128]]
[2019.10.11-06.15.26:579][  0]LogConfig: Setting CVar [[r.VolumetricFog.HistoryMissSupersampleCount:4]]
[2019.10.11-06.15.26:579][  0]LogConfig: Setting CVar [[r.LightMaxDrawDistanceScale:1]]
[2019.10.11-06.15.26:579][  0]LogConfig: Setting CVar [[r.CapsuleShadows:1]]
[2019.10.11-06.15.26:579][  0]LogConfig: Applying CVar settings from Section [PostProcessQuality@3] File [E:/Unreal4/CO-OP-FPS-Game/COOPFPS/Saved/Config/Windows/Scalability.ini]
[2019.10.11-06.15.26:579][  0]LogConfig: Setting CVar [[r.MotionBlurQuality:4]]
[2019.10.11-06.15.26:580][  0]LogConfig: Setting CVar [[r.AmbientOcclusionMipLevelFactor:0.4]]
[2019.10.11-06.15.26:580][  0]LogConfig: Setting CVar [[r.AmbientOcclusionMaxQuality:100]]
[2019.10.11-06.15.26:580][  0]LogConfig: Setting CVar [[r.AmbientOcclusionLevels:-1]]
[2019.10.11-06.15.26:580][  0]LogConfig: Setting CVar [[r.AmbientOcclusionRadiusScale:1.0]]
[2019.10.11-06.15.26:580][  0]LogConfig: Setting CVar [[r.DepthOfFieldQuality:2]]
[2019.10.11-06.15.26:580][  0]LogConfig: Setting CVar [[r.RenderTargetPoolMin:400]]
[2019.10.11-06.15.26:580][  0]LogConfig: Setting CVar [[r.LensFlareQuality:2]]
[2019.10.11-06.15.26:580][  0]LogConfig: Setting CVar [[r.SceneColorFringeQuality:1]]
[2019.10.11-06.15.26:580][  0]LogConfig: Setting CVar [[r.EyeAdaptationQuality:2]]
[2019.10.11-06.15.26:580][  0]LogConfig: Setting CVar [[r.BloomQuality:5]]
[2019.10.11-06.15.26:580][  0]LogConfig: Setting CVar [[r.FastBlurThreshold:100]]
[2019.10.11-06.15.26:580][  0]LogConfig: Setting CVar [[r.Upscale.Quality:3]]
[2019.10.11-06.15.26:580][  0]LogConfig: Setting CVar [[r.Tonemapper.GrainQuantization:1]]
[2019.10.11-06.15.26:580][  0]LogConfig: Setting CVar [[r.LightShaftQuality:1]]
[2019.10.11-06.15.26:581][  0]LogConfig: Setting CVar [[r.Filter.SizeScale:1]]
[2019.10.11-06.15.26:581][  0]LogConfig: Setting CVar [[r.Tonemapper.Quality:5]]
[2019.10.11-06.15.26:581][  0]LogConfig: Setting CVar [[r.DOF.Gather.AccumulatorQuality:1        ; higher gathering accumulator quality]]
[2019.10.11-06.15.26:581][  0]LogConfig: Setting CVar [[r.DOF.Gather.PostfilterMethod:1          ; Median3x3 postfilering method]]
[2019.10.11-06.15.26:581][  0]LogConfig: Setting CVar [[r.DOF.Gather.EnableBokehSettings:0       ; no bokeh simulation when gathering]]
[2019.10.11-06.15.26:581][  0]LogConfig: Setting CVar [[r.DOF.Gather.RingCount:4                 ; medium number of samples when gathering]]
[2019.10.11-06.15.26:581][  0]LogConfig: Setting CVar [[r.DOF.Scatter.ForegroundCompositing:1    ; additive foreground scattering]]
[2019.10.11-06.15.26:581][  0]LogConfig: Setting CVar [[r.DOF.Scatter.BackgroundCompositing:2    ; additive background scattering]]
[2019.10.11-06.15.26:581][  0]LogConfig: Setting CVar [[r.DOF.Scatter.EnableBokehSettings:1      ; bokeh simulation when scattering]]
[2019.10.11-06.15.26:581][  0]LogConfig: Setting CVar [[r.DOF.Scatter.MaxSpriteRatio:0.1         ; only a maximum of 10% of scattered bokeh]]
[2019.10.11-06.15.26:581][  0]LogConfig: Setting CVar [[r.DOF.Recombine.Quality:1                ; cheap slight out of focus]]
[2019.10.11-06.15.26:581][  0]LogConfig: Setting CVar [[r.DOF.Recombine.EnableBokehSettings:0    ; no bokeh simulation on slight out of focus]]
[2019.10.11-06.15.26:581][  0]LogConfig: Setting CVar [[r.DOF.TemporalAAQuality:1                ; more stable temporal accumulation]]
[2019.10.11-06.15.26:581][  0]LogConfig: Setting CVar [[r.DOF.Kernel.MaxForegroundRadius:0.025]]
[2019.10.11-06.15.26:581][  0]LogConfig: Setting CVar [[r.DOF.Kernel.MaxBackgroundRadius:0.025]]
[2019.10.11-06.15.26:581][  0]LogConfig: Applying CVar settings from Section [TextureQuality@3] File [E:/Unreal4/CO-OP-FPS-Game/COOPFPS/Saved/Config/Windows/Scalability.ini]
[2019.10.11-06.15.26:581][  0]LogConfig: Setting CVar [[r.Streaming.MipBias:0]]
[2019.10.11-06.15.26:581][  0]LogConfig: Setting CVar [[r.Streaming.AmortizeCPUToGPUCopy:0]]
[2019.10.11-06.15.26:581][  0]LogConfig: Setting CVar [[r.Streaming.MaxNumTexturesToStreamPerFrame:0]]
[2019.10.11-06.15.26:581][  0]LogConfig: Setting CVar [[r.Streaming.Boost:1]]
[2019.10.11-06.15.26:581][  0]LogConfig: Setting CVar [[r.MaxAnisotropy:8]]
[2019.10.11-06.15.26:581][  0]LogConfig: Setting CVar [[r.Streaming.LimitPoolSizeToVRAM:0]]
[2019.10.11-06.15.26:581][  0]LogConfig: Setting CVar [[r.Streaming.PoolSize:1000]]
[2019.10.11-06.15.26:581][  0]LogConfig: Setting CVar [[r.Streaming.MaxEffectiveScreenSize:0]]
[2019.10.11-06.15.26:582][  0]LogConfig: Applying CVar settings from Section [EffectsQuality@3] File [E:/Unreal4/CO-OP-FPS-Game/COOPFPS/Saved/Config/Windows/Scalability.ini]
[2019.10.11-06.15.26:582][  0]LogConfig: Setting CVar [[r.TranslucencyLightingVolumeDim:64]]
[2019.10.11-06.15.26:582][  0]LogConfig: Setting CVar [[r.RefractionQuality:2]]
[2019.10.11-06.15.26:582][  0]LogConfig: Setting CVar [[r.SSR.Quality:3]]
[2019.10.11-06.15.26:582][  0]LogConfig: Setting CVar [[r.SceneColorFormat:4]]
[2019.10.11-06.15.26:582][  0]LogConfig: Setting CVar [[r.DetailMode:2]]
[2019.10.11-06.15.26:582][  0]LogConfig: Setting CVar [[r.TranslucencyVolumeBlur:1]]
[2019.10.11-06.15.26:582][  0]LogConfig: Setting CVar [[r.MaterialQualityLevel:1 ; High quality]]
[2019.10.11-06.15.26:582][  0]LogConfig: Setting CVar [[r.SSS.Scale:1]]
[2019.10.11-06.15.26:582][  0]LogConfig: Setting CVar [[r.SSS.SampleSet:2]]
[2019.10.11-06.15.26:582][  0]LogConfig: Setting CVar [[r.SSS.Quality:1]]
[2019.10.11-06.15.26:582][  0]LogConfig: Setting CVar [[r.SSS.HalfRes:1]]
[2019.10.11-06.15.26:582][  0]LogConfig: Setting CVar [[r.EmitterSpawnRateScale:1.0]]
[2019.10.11-06.15.26:582][  0]LogConfig: Setting CVar [[r.ParticleLightQuality:2]]
[2019.10.11-06.15.26:582][  0]LogConfig: Applying CVar settings from Section [FoliageQuality@3] File [E:/Unreal4/CO-OP-FPS-Game/COOPFPS/Saved/Config/Windows/Scalability.ini]
[2019.10.11-06.15.26:582][  0]LogConfig: Setting CVar [[foliage.DensityScale:1.0]]
[2019.10.11-06.15.26:582][  0]LogConfig: Setting CVar [[grass.DensityScale:1.0]]
[2019.10.11-06.15.26:582][  0]LogConfig: Applying CVar settings from Section [Startup] File [../../../Engine/Config/ConsoleVariables.ini]
[2019.10.11-06.15.26:583][  0]LogConfig: Setting CVar [[net.UseAdaptiveNetUpdateFrequency:0]]
[2019.10.11-06.15.26:583][  0]LogConfig: Setting CVar [[p.chaos.AllowCreatePhysxBodies:1]]
[2019.10.11-06.15.26:583][  0]LogConfig: Applying CVar settings from Section [ConsoleVariables] File [E:/Unreal4/CO-OP-FPS-Game/COOPFPS/Saved/Config/Windows/Engine.ini]
[2019.10.11-06.15.26:583][  0]LogInit: Computer: DESKTOP-2BM5QKQ
[2019.10.11-06.15.26:583][  0]LogInit: User: joshu
[2019.10.11-06.15.26:583][  0]LogInit: CPU Page size=4096, Cores=8
[2019.10.11-06.15.26:583][  0]LogInit: High frequency timer resolution =10.000000 MHz
[2019.10.11-06.15.26:583][  0]LogMemory: Memory total: Physical=7.9GB (8GB approx)
[2019.10.11-06.15.26:583][  0]LogMemory: Platform Memory Stats for Windows
[2019.10.11-06.15.26:584][  0]LogMemory: Process Physical Memory: 102.93 MB used, 102.94 MB peak
[2019.10.11-06.15.26:584][  0]LogMemory: Process Virtual Memory: 100.74 MB used, 100.74 MB peak
[2019.10.11-06.15.26:584][  0]LogMemory: Physical Memory: 5565.57 MB used,  2557.54 MB free, 8123.11 MB total
[2019.10.11-06.15.26:584][  0]LogMemory: Virtual Memory: 4716.10 MB used,  134213008.00 MB free, 134217728.00 MB total
[2019.10.11-06.15.26:589][  0]LogWindows: WindowsPlatformFeatures enabled
[2019.10.11-06.15.26:681][  0]LogInit: Overriding language with editor language configuration option (en).
[2019.10.11-06.15.26:681][  0]LogInit: Overriding locale with editor locale configuration option (en).
[2019.10.11-06.15.26:888][  0]LogInit: Setting process to per monitor DPI aware
[2019.10.11-06.15.27:002][  0]LogSlate: New Slate User Created.  User Index 0, Is Virtual User: 0
[2019.10.11-06.15.27:002][  0]LogSlate: Slate User Registered.  User Index 0, Is Virtual User: 0
[2019.10.11-06.15.27:166][  0]LogHMD: Failed to initialize OpenVR with code 110
[2019.10.11-06.15.27:166][  0]LogD3D11RHI: D3D11 adapters:
[2019.10.11-06.15.27:268][  0]LogD3D11RHI:    0. 'NVIDIA GeForce RTX 2080' (Feature Level 11_0)
[2019.10.11-06.15.27:268][  0]LogD3D11RHI:       8010/0/4061 MB DedicatedVideo/DedicatedSystem/SharedSystem, Outputs:1, VendorId:0x10de
[2019.10.11-06.15.27:276][  0]LogD3D11RHI:    1. 'Microsoft Basic Render Driver' (Feature Level 11_0)
[2019.10.11-06.15.27:276][  0]LogD3D11RHI:       0/0/4061 MB DedicatedVideo/DedicatedSystem/SharedSystem, Outputs:0, VendorId:0x1414
[2019.10.11-06.15.27:276][  0]LogD3D11RHI: Chosen D3D11 Adapter: 0
[2019.10.11-06.15.27:288][  0]LogD3D11RHI: Creating new Direct3DDevice
[2019.10.11-06.15.27:289][  0]LogD3D11RHI:     GPU DeviceId: 0x1e87 (for the marketing name, search the web for "GPU Device Id")
[2019.10.11-06.15.27:289][  0]LogWindows: EnumDisplayDevices:
[2019.10.11-06.15.27:289][  0]LogWindows:    0. 'NVIDIA GeForce RTX 2080' (P:1 D:1)
[2019.10.11-06.15.27:290][  0]LogWindows:    1. 'NVIDIA GeForce RTX 2080' (P:0 D:0)
[2019.10.11-06.15.27:290][  0]LogWindows:    2. 'NVIDIA GeForce RTX 2080' (P:0 D:0)
[2019.10.11-06.15.27:291][  0]LogWindows:    3. 'NVIDIA GeForce RTX 2080' (P:0 D:0)
[2019.10.11-06.15.27:291][  0]LogWindows: DebugString: FoundDriverCount:4 
[2019.10.11-06.15.27:291][  0]LogD3D11RHI:     Adapter Name: NVIDIA GeForce RTX 2080
[2019.10.11-06.15.27:291][  0]LogD3D11RHI:   Driver Version: 436.48 (internal:26.21.14.3648, unified:436.48)
[2019.10.11-06.15.27:291][  0]LogD3D11RHI:      Driver Date: 9-26-2019
[2019.10.11-06.15.27:291][  0]LogRHI: Texture pool is 5607 MB (70% of 8010 MB)
[2019.10.11-06.15.27:366][  0]LogD3D11RHI: Async texture creation enabled
[2019.10.11-06.15.27:383][  0]LogD3D11RHI: GPU Timing Frequency: 1000.000000 (Debug: 2 1)
[2019.10.11-06.15.27:427][  0]LogD3D11RHI: HDR output is supported on display 0 (NvId: 0x80061086).
[2019.10.11-06.15.27:718][  0]LogTemp: Display: Module 'AllDesktopTargetPlatform' loaded TargetPlatform 'AllDesktop'
[2019.10.11-06.15.27:730][  0]LogTemp: Display: Module 'MacClientTargetPlatform' loaded TargetPlatform 'MacClient'
[2019.10.11-06.15.27:741][  0]LogTemp: Display: Module 'MacNoEditorTargetPlatform' loaded TargetPlatform 'MacNoEditor'
[2019.10.11-06.15.27:751][  0]LogTemp: Display: Module 'MacServerTargetPlatform' loaded TargetPlatform 'MacServer'
[2019.10.11-06.15.27:762][  0]LogTemp: Display: Module 'MacTargetPlatform' loaded TargetPlatform 'Mac'
[2019.10.11-06.15.27:774][  0]LogTemp: Display: Module 'WindowsClientTargetPlatform' loaded TargetPlatform 'WindowsClient'
[2019.10.11-06.15.27:784][  0]LogTemp: Display: Module 'WindowsNoEditorTargetPlatform' loaded TargetPlatform 'WindowsNoEditor'
[2019.10.11-06.15.27:794][  0]LogTemp: Display: Module 'WindowsServerTargetPlatform' loaded TargetPlatform 'WindowsServer'
[2019.10.11-06.15.27:800][  0]LogTemp: Display: Module 'WindowsTargetPlatform' loaded TargetPlatform 'Windows'
[2019.10.11-06.15.27:836][  0]LogTemp: Display: Module 'AndroidTargetPlatform' loaded TargetPlatform 'Android'
[2019.10.11-06.15.27:836][  0]LogTemp: Display: Module 'AndroidTargetPlatform' loaded TargetPlatform 'Android_ASTC'
[2019.10.11-06.15.27:836][  0]LogTemp: Display: Module 'AndroidTargetPlatform' loaded TargetPlatform 'Android_ATC'
[2019.10.11-06.15.27:836][  0]LogTemp: Display: Module 'AndroidTargetPlatform' loaded TargetPlatform 'Android_DXT'
[2019.10.11-06.15.27:836][  0]LogTemp: Display: Module 'AndroidTargetPlatform' loaded TargetPlatform 'Android_ETC1'
[2019.10.11-06.15.27:837][  0]LogTemp: Display: Module 'AndroidTargetPlatform' loaded TargetPlatform 'Android_ETC1a'
[2019.10.11-06.15.27:837][  0]LogTemp: Display: Module 'AndroidTargetPlatform' loaded TargetPlatform 'Android_ETC2'
[2019.10.11-06.15.27:837][  0]LogTemp: Display: Module 'AndroidTargetPlatform' loaded TargetPlatform 'Android_PVRTC'
[2019.10.11-06.15.27:837][  0]LogTemp: Display: Module 'AndroidTargetPlatform' loaded TargetPlatform 'AndroidClient'
[2019.10.11-06.15.27:837][  0]LogTemp: Display: Module 'AndroidTargetPlatform' loaded TargetPlatform 'Android_ASTCClient'
[2019.10.11-06.15.27:837][  0]LogTemp: Display: Module 'AndroidTargetPlatform' loaded TargetPlatform 'Android_ATCClient'
[2019.10.11-06.15.27:837][  0]LogTemp: Display: Module 'AndroidTargetPlatform' loaded TargetPlatform 'Android_DXTClient'
[2019.10.11-06.15.27:837][  0]LogTemp: Display: Module 'AndroidTargetPlatform' loaded TargetPlatform 'Android_ETC1Client'
[2019.10.11-06.15.27:837][  0]LogTemp: Display: Module 'AndroidTargetPlatform' loaded TargetPlatform 'Android_ETC1aClient'
[2019.10.11-06.15.27:837][  0]LogTemp: Display: Module 'AndroidTargetPlatform' loaded TargetPlatform 'Android_ETC2Client'
[2019.10.11-06.15.27:837][  0]LogTemp: Display: Module 'AndroidTargetPlatform' loaded TargetPlatform 'Android_PVRTCClient'
[2019.10.11-06.15.27:837][  0]LogTemp: Display: Module 'AndroidTargetPlatform' loaded TargetPlatform 'Android_Multi'
[2019.10.11-06.15.27:837][  0]LogTemp: Display: Module 'AndroidTargetPlatform' loaded TargetPlatform 'Android_MultiClient'
[2019.10.11-06.15.27:841][  0]LogTemp: Display: Module 'HTML5TargetPlatform' loaded TargetPlatform 'HTML5'
[2019.10.11-06.15.27:872][  0]LogTemp: Display: Module 'IOSTargetPlatform' loaded TargetPlatform 'IOSClient'
[2019.10.11-06.15.27:872][  0]LogTemp: Display: Module 'IOSTargetPlatform' loaded TargetPlatform 'IOS'
[2019.10.11-06.15.27:887][  0]LogTemp: Display: Module 'TVOSTargetPlatform' loaded TargetPlatform 'TVOSClient'
[2019.10.11-06.15.27:887][  0]LogTemp: Display: Module 'TVOSTargetPlatform' loaded TargetPlatform 'TVOS'
[2019.10.11-06.15.27:896][  0]LogTemp: Display: Module 'LinuxClientTargetPlatform' loaded TargetPlatform 'LinuxClient'
[2019.10.11-06.15.27:907][  0]LogTemp: Display: Module 'LinuxNoEditorTargetPlatform' loaded TargetPlatform 'LinuxNoEditor'
[2019.10.11-06.15.27:917][  0]LogTemp: Display: Module 'LinuxServerTargetPlatform' loaded TargetPlatform 'LinuxServer'
[2019.10.11-06.15.27:933][  0]LogTemp: Display: Module 'LinuxTargetPlatform' loaded TargetPlatform 'Linux'
[2019.10.11-06.15.27:960][  0]LogTemp: Display: Module 'LuminTargetPlatform' loaded TargetPlatform 'Lumin'
[2019.10.11-06.15.27:960][  0]LogTemp: Display: Module 'LuminTargetPlatform' loaded TargetPlatform 'LuminClient'
[2019.10.11-06.15.27:960][  0]LogTargetPlatformManager: Display: Building Assets For Windows
[2019.10.11-06.15.27:979][  0]LogAudioDebug: Display: Lib vorbis DLL was dynamically loaded.
[2019.10.11-06.15.28:075][  0]LogShaderCompilers: Guid format shader working directory is 14 characters bigger than the processId version (E:/Unreal4/CO-OP-FPS-Game/COOPFPS/Intermediate/Shaders/WorkingDirectory/624/).
[2019.10.11-06.15.28:075][  0]LogShaderCompilers: Cleaned the shader compiler working directory 'C:/Users/joshu/AppData/Local/Temp/UnrealShaderWorkingDir/258BEF4C4034E7CDC5822482B324482C/'.
[2019.10.11-06.15.28:078][  0]LogXGEController: Cleaning working directory: C:/Users/joshu/AppData/Local/Temp/UnrealXGEWorkingDir/
[2019.10.11-06.15.28:078][  0]LogXGEController: Cannot use XGE Controller as Incredibuild is not installed on this machine.
[2019.10.11-06.15.28:079][  0]LogShaderCompilers: Cannot use XGE Shader Compiler as Incredibuild is not installed on this machine.
[2019.10.11-06.15.28:079][  0]LogShaderCompilers: Display: Using Local Shader Compiler.
[2019.10.11-06.15.28:639][  0]LogDerivedDataCache: Display: Max Cache Size: 512 MB
[2019.10.11-06.15.28:704][  0]LogDerivedDataCache: Loaded boot cache 0.06s 73MB C:/Users/joshu/AppData/Local/UnrealEngine/4.23/DerivedDataCache/Boot.ddc.
[2019.10.11-06.15.28:704][  0]LogDerivedDataCache: Display: Loaded Boot cache: C:/Users/joshu/AppData/Local/UnrealEngine/4.23/DerivedDataCache/Boot.ddc
[2019.10.11-06.15.28:704][  0]LogDerivedDataCache: FDerivedDataBackendGraph:  Pak pak cache file E:/Unreal4/CO-OP-FPS-Game/COOPFPS/DerivedDataCache/DDC.ddp not found, will not use a pak cache.
[2019.10.11-06.15.28:704][  0]LogDerivedDataCache: Unable to find inner node Pak for hierarchical cache Hierarchy.
[2019.10.11-06.15.28:704][  0]LogDerivedDataCache: FDerivedDataBackendGraph:  CompressedPak pak cache file E:/Unreal4/CO-OP-FPS-Game/COOPFPS/DerivedDataCache/Compressed.ddp not found, will not use a pak cache.
[2019.10.11-06.15.28:704][  0]LogDerivedDataCache: Unable to find inner node CompressedPak for hierarchical cache Hierarchy.
[2019.10.11-06.15.28:716][  0]LogDerivedDataCache: Display: Pak cache opened for reading ../../../Engine/DerivedDataCache/Compressed.ddp.
[2019.10.11-06.15.28:716][  0]LogDerivedDataCache: FDerivedDataBackendGraph:  EnterprisePak pak cache file ../../../Enterprise/DerivedDataCache/Compressed.ddp not found, will not use a pak cache.
[2019.10.11-06.15.28:716][  0]LogDerivedDataCache: Unable to find inner node EnterprisePak for hierarchical cache Hierarchy.
[2019.10.11-06.15.28:719][  0]LogDerivedDataCache: Using Local data cache path C:/Users/joshu/AppData/Local/UnrealEngine/Common/DerivedDataCache: Writable
[2019.10.11-06.15.28:719][  0]LogDerivedDataCache: Shared data cache path not found in *engine.ini, will not use an Shared cache.
[2019.10.11-06.15.28:719][  0]LogDerivedDataCache: Unable to find inner node Shared for hierarchical cache Hierarchy.
[2019.10.11-06.15.28:741][  0]LogMaterial: Verifying Global Shaders for PCD3D_SM5
[2019.10.11-06.15.28:744][  0]LogSlate: Using FreeType 2.6.0
[2019.10.11-06.15.28:744][  0]LogSlate: SlateFontServices - WITH_FREETYPE: 1, WITH_HARFBUZZ: 1
[2019.10.11-06.15.28:802][  0]LogAssetRegistry: FAssetRegistry took 0.0053 seconds to start up
[2019.10.11-06.15.29:083][  0]LogInit: Selected Device Profile: [Windows]
[2019.10.11-06.15.29:252][  0]LogMeshReduction: Using QuadricMeshReduction for automatic static mesh reduction
[2019.10.11-06.15.29:252][  0]LogMeshReduction: Using SimplygonMeshReduction for automatic skeletal mesh reduction
[2019.10.11-06.15.29:252][  0]LogMeshReduction: Using ProxyLODMeshReduction for automatic mesh merging
[2019.10.11-06.15.29:252][  0]LogMeshReduction: No distributed automatic mesh merging module available
[2019.10.11-06.15.29:253][  0]LogMeshMerging: No distributed automatic mesh merging module available
[2019.10.11-06.15.29:262][  0]LogNetVersion: COOPFPS 1.0.0, NetCL: 8386587, EngineNetVer: 11, GameNetVer: 0 (Checksum: 501923813)
[2019.10.11-06.15.29:699][  0]LogPackageLocalizationCache: Processed 12 localized package path(s) for 1 prioritized culture(s) in 0.048103 seconds
[2019.10.11-06.15.29:711][  0]LogUObjectArray: 43444 objects as part of root set at end of initial load.
[2019.10.11-06.15.29:711][  0]LogUObjectAllocator: 7548648 out of 0 bytes used by permanent object pool.
[2019.10.11-06.15.29:711][  0]LogUObjectArray: CloseDisregardForGC: 0/0 objects in disregard for GC pool
[2019.10.11-06.15.30:674][  0]LogTcpMessaging: Initializing TcpMessaging bridge
[2019.10.11-06.15.30:681][  0]LogUdpMessaging: Initializing bridge on interface 0.0.0.0:0 to multicast group 230.0.0.1:6666.
[2019.10.11-06.15.30:816][  0]SourceControl: Source control is disabled
[2019.10.11-06.15.30:816][  0]SourceControl: Source control is disabled
[2019.10.11-06.15.30:820][  0]SourceControl: Source control is disabled
[2019.10.11-06.15.30:824][  0]SourceControl: Source control is disabled
[2019.10.11-06.15.31:021][  0]LogAndroidPermission: UAndroidPermissionCallbackProxy::GetInstance
[2019.10.11-06.15.31:265][  0]LogOcInput: OculusInput pre-init called
[2019.10.11-06.15.31:278][  0]LogWindows: Failed to load 'OVRPlugin.dll' (GetLastError=126)
[2019.10.11-06.15.31:278][  0]LogWindows: File 'OVRPlugin.dll' does not exist
[2019.10.11-06.15.31:367][  0]LogEngine: Initializing Engine...
[2019.10.11-06.15.31:368][  0]LogHMD: Failed to initialize OpenVR with code 110
[2019.10.11-06.15.31:369][  0]LogStats: UGameplayTagsManager::InitializeManager -  0.000 s
[2019.10.11-06.15.31:609][  0]LogInit: Initializing FReadOnlyCVARCache
[2019.10.11-06.15.31:627][  0]LogAIModule: Creating AISystem for world Untitled
[2019.10.11-06.15.31:658][  0]LogInit: XAudio2 using '헤드셋 이어폰(Corsair VOID PRO Surround USB Sound Adapter)' : 6 channels at 48 kHz using 16 bits per sample (channel mask 0x3f)
[2019.10.11-06.15.31:835][  0]LogInit: FAudioDevice initialized.
[2019.10.11-06.15.31:836][  0]LogNetVersion: Set ProjectVersion to 1.0.0.0. Version Checksum will be recalculated on next use.
[2019.10.11-06.15.31:934][  0]LogDerivedDataCache: Saved boot cache 0.10s 73MB C:/Users/joshu/AppData/Local/UnrealEngine/4.23/DerivedDataCache/Boot.ddc.
[2019.10.11-06.15.31:940][  0]LogInit: Texture streaming: Enabled
[2019.10.11-06.15.31:972][  0]LogEngineSessionManager: EngineSessionManager initialized
[2019.10.11-06.15.31:973][  0]LogEngineSessionManager: EngineSessionManager sent abnormal shutdown report. Type=Debugger, SessionId={DE95085C-4749-8885-322A-D0802D0B70B0}
[2019.10.11-06.15.32:011][  0]LogInit: Transaction tracking system initialized
[2019.10.11-06.15.32:061][  0]BlueprintLog: New page: Editor Load
[2019.10.11-06.15.32:172][  0]LocalizationService: Localization service is disabled
[2019.10.11-06.15.32:489][  0]LogFileCache: Scanning file cache for directory 'E:/Unreal4/CO-OP-FPS-Game/COOPFPS/Content/' took 0.00s
[2019.10.11-06.15.32:489][  0]LogCook: Display: Max memory allowance for cook 16384mb min free memory 0mb
[2019.10.11-06.15.32:489][  0]LogCook: Display: Mobile HDR setting 1
[2019.10.11-06.15.32:775][  0]SourceControl: Source control is disabled
[2019.10.11-06.15.32:775][  0]Cmd: MAP LOAD FILE="E:/Unreal4/CO-OP-FPS-Game/COOPFPS/Content/Maps/P_TestMap.umap" TEMPLATE=0 SHOWPROGRESS=1 FEATURELEVEL=3
[2019.10.11-06.15.32:778][  0]LightingResults: New page: Lighting Build
[2019.10.11-06.15.32:781][  0]LogWorld: UWorld::CleanupWorld for Untitled, bSessionEnded=true, bCleanupResources=true
[2019.10.11-06.15.32:782][  0]MapCheck: New page: Map Check
[2019.10.11-06.15.32:782][  0]LightingResults: New page: Lighting Build
[2019.10.11-06.15.32:819][  0]LogUObjectHash: Compacting FUObjectHashTables data took   1.92ms
[2019.10.11-06.15.32:955][  0]LogAIModule: Creating AISystem for world P_TestMap
[2019.10.11-06.15.32:960][  0]LogEditorServer: Finished looking for orphan Actors (0.000 secs)
[2019.10.11-06.15.33:003][  0]LogUObjectHash: Compacting FUObjectHashTables data took   2.45ms
[2019.10.11-06.15.33:003][  0]Cmd: MAP CHECKDEP NOCLEARLOG
[2019.10.11-06.15.33:004][  0]MapCheck: Map check complete: 0 Error(s), 0 Warning(s), took 0.186ms to complete.
[2019.10.11-06.15.33:004][  0]LogFileHelpers: Loading map 'P_TestMap' took 0.228
[2019.10.11-06.15.33:135][  0]LogSlate: Updating window title bar state: overlay mode, drag disabled, window buttons hidden, title bar hidden
[2019.10.11-06.15.33:142][  0]LogSlate: Updating window title bar state: overlay mode, drag disabled, window buttons hidden, title bar hidden
[2019.10.11-06.15.33:150][  0]LogSlate: Updating window title bar state: overlay mode, drag disabled, window buttons hidden, title bar hidden
[2019.10.11-06.15.33:158][  0]LogSlate: Updating window title bar state: overlay mode, drag disabled, window buttons hidden, title bar hidden
[2019.10.11-06.15.33:225][  0]LogCollectionManager: Loaded 0 collections in 0.001488 seconds
[2019.10.11-06.15.33:234][  0]LogFileCache: Scanning file cache for directory 'E:/Unreal4/CO-OP-FPS-Game/COOPFPS/Saved/Collections/' took 0.00s
[2019.10.11-06.15.33:234][  0]LogFileCache: Scanning file cache for directory 'E:/Unreal4/CO-OP-FPS-Game/COOPFPS/Content/Developers/joshu/Collections/' took 0.00s
[2019.10.11-06.15.33:234][  0]LogFileCache: Scanning file cache for directory 'E:/Unreal4/CO-OP-FPS-Game/COOPFPS/Content/Collections/' took 0.00s
[2019.10.11-06.15.33:235][  0]LogCollectionManager: Rebuilt the GUID cache for 0 collections in 0.000001 seconds
[2019.10.11-06.15.33:246][  0]LogContentBrowser: Native class hierarchy populated in 0.0106 seconds. Added 2866 classes and 685 folders.
[2019.10.11-06.15.33:254][  0]LogContentBrowser: Native class hierarchy updated for 'WidgetCarousel' in 0.0004 seconds. Added 0 classes and 0 folders.
[2019.10.11-06.15.33:302][  0]LogContentBrowser: Native class hierarchy updated for 'AddContentDialog' in 0.0003 seconds. Added 0 classes and 0 folders.
[2019.10.11-06.15.34:398][  0]LogSlate: Only BGRA pngs, bmps or icos are supported in by External Image Picker
[2019.10.11-06.15.34:414][  0]LogSlate: Took 0.000331 seconds to synchronously load lazily loaded font '../../../Engine/Content/Slate/Fonts/Roboto-Regular.ttf' (155K)
[2019.10.11-06.15.34:417][  0]LogSlate: Took 0.000368 seconds to synchronously load lazily loaded font '../../../Engine/Content/Slate/Fonts/Roboto-Bold.ttf' (160K)
[2019.10.11-06.15.34:423][  0]LogSlate: Took 0.000284 seconds to synchronously load lazily loaded font '../../../Engine/Content/Editor/Slate/Fonts/FontAwesome.ttf' (139K)
[2019.10.11-06.15.34:494][  0]LogRenderer: Reallocating scene render targets to support 1816x1044 Format 10 NumSamples 1 (Frame:1).
[2019.10.11-06.15.34:682][  0]LogContentBrowser: Native class hierarchy updated for 'HierarchicalLODOutliner' in 0.0005 seconds. Added 0 classes and 0 folders.
[2019.10.11-06.15.34:683][  0]LogLoad: (Engine Initialization) Total time: 9.80 seconds
[2019.10.11-06.15.34:683][  0]LogLoad: (Engine Initialization) Total Blueprint compile time: 0.00 seconds
[2019.10.11-06.15.34:743][  0]LogAssetRegistry: Asset discovery search completed in 5.9455 seconds
[2019.10.11-06.15.34:748][  0]LogCollectionManager: Rebuilt the object cache for 0 collections in 0.000008 seconds (found 0 objects)
[2019.10.11-06.15.34:748][  0]LogCollectionManager: Fixed up redirectors for 0 collections in 0.000200 seconds (updated 0 objects)
[2019.10.11-06.15.34:749][  0]LogContentStreaming: Texture pool size now 1000 MB
[2019.10.11-06.15.38:158][ 74]LogSlate: FSceneViewport::OnFocusLost() reason 0
[2019.10.11-06.15.57:791][838]LogAnimationCompression: Building Anim DDC data for AnimSequence /Game/AnimStarterPack/Idle_Rifle_Hip_Break1.Idle_Rifle_Hip_Break1
[2019.10.11-06.15.57:792][838]LogAnimationCompression: Recompressing (AnimSequence /Game/AnimStarterPack/Idle_Rifle_Hip_Break1.Idle_Rifle_Hip_Break1) using current/default (AnimCompress_BitwiseCompressOnly_31) bFirstRecompressUsingCurrentOrDefault(1) bTryAlternateCompressor(0) IsCompressedDataValid(0)
[2019.10.11-06.15.57:844][838]LogSlate: Took 0.001077 seconds to synchronously load lazily loaded font '../../../Engine/Content/Slate/Fonts/Roboto-Light.ttf' (167K)
[2019.10.11-06.15.57:940][838]LogAssetEditorManager: Opening Asset editor for AnimSequence /Game/AnimStarterPack/Idle_Rifle_Hip_Break1.Idle_Rifle_Hip_Break1
[2019.10.11-06.15.57:997][838]LogContentBrowser: Native class hierarchy updated for 'SkeletonEditor' in 0.0004 seconds. Added 1 classes and 2 folders.
[2019.10.11-06.15.58:219][838]LogActorComponent: RegisterComponentWithWorld: (/Engine/Transient.World_1:PersistentLevel.AnimationEditorPreviewActor_0.DebugSkelMeshComponent_0) Already registered. Aborting.
[2019.10.11-06.15.58:223][838]LogContentBrowser: Native class hierarchy updated for 'PinnedCommandList' in 0.0003 seconds. Added 1 classes and 0 folders.
[2019.10.11-06.15.58:267][838]LogSkeletalMesh: USkeletalMeshComponent::InitArticulated : Bodies already created (/Engine/Transient.World_1:PersistentLevel.AnimationEditorPreviewActor_0.DebugSkelMeshComponent_0) - call TermArticulated first.
[2019.10.11-06.15.58:673][838]LogContentBrowser: Verbose: The majority of assets in the view are of type: AnimSequence
[2019.10.11-06.16.04:149][160]LogAnimationCompression: Building Anim DDC data for AnimSequence /Game/AnimStarterPack/Hit_React_1.Hit_React_1
[2019.10.11-06.16.04:149][160]LogAnimationCompression: Recompressing (AnimSequence /Game/AnimStarterPack/Hit_React_1.Hit_React_1) using current/default (AnimCompress_BitwiseCompressOnly_25) bFirstRecompressUsingCurrentOrDefault(1) bTryAlternateCompressor(0) IsCompressedDataValid(0)
[2019.10.11-06.16.04:204][160]LogWorld: UWorld::CleanupWorld for World_6, bSessionEnded=true, bCleanupResources=true
[2019.10.11-06.16.05:793][259]LogAnimationCompression: Building Anim DDC data for AnimSequence /Game/AnimStarterPack/Hit_React_3.Hit_React_3
[2019.10.11-06.16.05:793][259]LogAnimationCompression: Recompressing (AnimSequence /Game/AnimStarterPack/Hit_React_3.Hit_React_3) using current/default (AnimCompress_BitwiseCompressOnly_27) bFirstRecompressUsingCurrentOrDefault(1) bTryAlternateCompressor(0) IsCompressedDataValid(0)
[2019.10.11-06.16.05:852][259]LogWorld: UWorld::CleanupWorld for World_7, bSessionEnded=true, bCleanupResources=true
[2019.10.11-06.16.08:086][400]LogAnimationCompression: Building Anim DDC data for AnimSequence /Game/AnimStarterPack/Hit_React_2.Hit_React_2
[2019.10.11-06.16.08:086][400]LogAnimationCompression: Recompressing (AnimSequence /Game/AnimStarterPack/Hit_React_2.Hit_React_2) using current/default (AnimCompress_BitwiseCompressOnly_26) bFirstRecompressUsingCurrentOrDefault(1) bTryAlternateCompressor(0) IsCompressedDataValid(0)
[2019.10.11-06.16.08:132][400]LogWorld: UWorld::CleanupWorld for World_8, bSessionEnded=true, bCleanupResources=true
[2019.10.11-06.16.10:183][525]LogAnimationCompression: Building Anim DDC data for AnimSequence /Game/AnimStarterPack/Equip_Pistol_Standing.Equip_Pistol_Standing
[2019.10.11-06.16.10:183][525]LogAnimationCompression: Recompressing (AnimSequence /Game/AnimStarterPack/Equip_Pistol_Standing.Equip_Pistol_Standing) using current/default (AnimCompress_BitwiseCompressOnly_19) bFirstRecompressUsingCurrentOrDefault(1) bTryAlternateCompressor(0) IsCompressedDataValid(0)
[2019.10.11-06.16.10:232][525]LogWorld: UWorld::CleanupWorld for World_9, bSessionEnded=true, bCleanupResources=true
[2019.10.11-06.16.13:280][715]LogAnimationCompression: Building Anim DDC data for AnimSequence /Game/AnimStarterPack/Death_Ironsights_1.Death_Ironsights_1
[2019.10.11-06.16.13:280][715]LogAnimationCompression: Recompressing (AnimSequence /Game/AnimStarterPack/Death_Ironsights_1.Death_Ironsights_1) using current/default (AnimCompress_BitwiseCompressOnly_17) bFirstRecompressUsingCurrentOrDefault(1) bTryAlternateCompressor(0) IsCompressedDataValid(0)
[2019.10.11-06.16.13:330][715]LogWorld: UWorld::CleanupWorld for World_10, bSessionEnded=true, bCleanupResources=true
[2019.10.11-06.16.18:997][  9]LogSlate: Window 'Death_Ironsights_1' being destroyed
[2019.10.11-06.16.19:045][  9]LogWorld: UWorld::CleanupWorld for World_1, bSessionEnded=true, bCleanupResources=true
[2019.10.11-06.16.19:066][  9]LogWorld: UWorld::CleanupWorld for World_11, bSessionEnded=true, bCleanupResources=true
[2019.10.11-06.16.19:132][  9]LogWorld: UWorld::CleanupWorld for World_2, bSessionEnded=true, bCleanupResources=true
[2019.10.11-06.16.42:095][854]LogAnimationCompression: Building Anim DDC data for AnimSequence /Game/AnimStarterPack/Jog_Rt_Rifle.Jog_Rt_Rifle
[2019.10.11-06.16.42:095][854]LogAnimationCompression: Recompressing (AnimSequence /Game/AnimStarterPack/Jog_Rt_Rifle.Jog_Rt_Rifle) using current/default (AnimCompress_BitwiseCompressOnly_37) bFirstRecompressUsingCurrentOrDefault(1) bTryAlternateCompressor(0) IsCompressedDataValid(0)
[2019.10.11-06.16.42:097][854]LogAnimationCompression: Building Anim DDC data for AnimSequence /Game/AnimStarterPack/Jog_Lt_Rifle.Jog_Lt_Rifle
[2019.10.11-06.16.42:097][854]LogAnimationCompression: Recompressing (AnimSequence /Game/AnimStarterPack/Jog_Lt_Rifle.Jog_Lt_Rifle) using current/default (AnimCompress_BitwiseCompressOnly_0) bFirstRecompressUsingCurrentOrDefault(1) bTryAlternateCompressor(0) IsCompressedDataValid(0)
[2019.10.11-06.16.42:098][854]LogAnimationCompression: Building Anim DDC data for AnimSequence /Game/AnimStarterPack/Jog_Bwd_Rifle.Jog_Bwd_Rifle
[2019.10.11-06.16.42:098][854]LogAnimationCompression: Recompressing (AnimSequence /Game/AnimStarterPack/Jog_Bwd_Rifle.Jog_Bwd_Rifle) using current/default (AnimCompress_BitwiseCompressOnly_34) bFirstRecompressUsingCurrentOrDefault(1) bTryAlternateCompressor(0) IsCompressedDataValid(0)
[2019.10.11-06.16.42:099][854]LogAnimationCompression: Building Anim DDC data for AnimSequence /Game/AnimStarterPack/Jog_Fwd_Rifle.Jog_Fwd_Rifle
[2019.10.11-06.16.42:099][854]LogAnimationCompression: Recompressing (AnimSequence /Game/AnimStarterPack/Jog_Fwd_Rifle.Jog_Fwd_Rifle) using current/default (AnimCompress_BitwiseCompressOnly_35) bFirstRecompressUsingCurrentOrDefault(1) bTryAlternateCompressor(0) IsCompressedDataValid(0)
[2019.10.11-06.16.42:151][854]LogAssetEditorManager: Opening Asset editor for BlendSpace /Game/AnimStarterPack/BS_Jog.BS_Jog
[2019.10.11-06.16.42:158][854]LogActorComponent: RegisterComponentWithWorld: (/Engine/Transient.World_12:PersistentLevel.AnimationEditorPreviewActor_0.DebugSkelMeshComponent_0) Already registered. Aborting.
[2019.10.11-06.16.42:183][854]LogSkeletalMesh: USkeletalMeshComponent::InitArticulated : Bodies already created (/Engine/Transient.World_12:PersistentLevel.AnimationEditorPreviewActor_0.DebugSkelMeshComponent_0) - call TermArticulated first.
[2019.10.11-06.16.42:486][854]LogContentBrowser: Verbose: The majority of assets in the view are of type: AnimSequence
[2019.10.11-06.21.07:859][854]LogSlate: Window 'BS_Jog' being destroyed
[2019.10.11-06.21.07:904][854]LogSlate: Window 'BS_Jog' being destroyed
[2019.10.11-06.21.07:905][854]LogWorld: UWorld::CleanupWorld for World_12, bSessionEnded=true, bCleanupResources=true
[2019.10.11-06.21.07:996][854]LogWorld: UWorld::CleanupWorld for World_13, bSessionEnded=true, bCleanupResources=true
[2019.10.11-06.21.12:502][202]LogBlueprint: Warning: [Compiler Ue4ASP_Character] InputAction Event references unknown Action 'Jump' for  InputAction Jump
[2019.10.11-06.21.12:503][202]LogBlueprint: Warning: [Compiler Ue4ASP_Character] Input Axis Event references unknown Axis 'MoveForward' for  InputAxis MoveForward
[2019.10.11-06.21.12:525][202]LogAnimationCompression: Building Anim DDC data for AnimSequence /Game/AnimStarterPack/Crouch_Walk_Lt_Rifle_Hip.Crouch_Walk_Lt_Rifle_Hip
[2019.10.11-06.21.12:525][202]LogAnimationCompression: Recompressing (AnimSequence /Game/AnimStarterPack/Crouch_Walk_Lt_Rifle_Hip.Crouch_Walk_Lt_Rifle_Hip) using current/default (AnimCompress_BitwiseCompressOnly_10) bFirstRecompressUsingCurrentOrDefault(1) bTryAlternateCompressor(0) IsCompressedDataValid(0)
[2019.10.11-06.21.12:527][202]LogAnimationCompression: Building Anim DDC data for AnimSequence /Game/AnimStarterPack/Crouch_Walk_Fwd_Rifle_Hip.Crouch_Walk_Fwd_Rifle_Hip
[2019.10.11-06.21.12:527][202]LogAnimationCompression: Recompressing (AnimSequence /Game/AnimStarterPack/Crouch_Walk_Fwd_Rifle_Hip.Crouch_Walk_Fwd_Rifle_Hip) using current/default (AnimCompress_BitwiseCompressOnly_8) bFirstRecompressUsingCurrentOrDefault(1) bTryAlternateCompressor(0) IsCompressedDataValid(0)
[2019.10.11-06.21.12:529][202]LogAnimationCompression: Building Anim DDC data for AnimSequence /Game/AnimStarterPack/Crouch_Walk_Rt_Rifle_Hip.Crouch_Walk_Rt_Rifle_Hip
[2019.10.11-06.21.12:529][202]LogAnimationCompression: Recompressing (AnimSequence /Game/AnimStarterPack/Crouch_Walk_Rt_Rifle_Hip.Crouch_Walk_Rt_Rifle_Hip) using current/default (AnimCompress_BitwiseCompressOnly_12) bFirstRecompressUsingCurrentOrDefault(1) bTryAlternateCompressor(0) IsCompressedDataValid(0)
[2019.10.11-06.21.12:530][202]LogAnimationCompression: Building Anim DDC data for AnimSequence /Game/AnimStarterPack/Idle_Rifle_Hip.Idle_Rifle_Hip
[2019.10.11-06.21.12:531][202]LogAnimationCompression: Recompressing (AnimSequence /Game/AnimStarterPack/Idle_Rifle_Hip.Idle_Rifle_Hip) using current/default (AnimCompress_BitwiseCompressOnly_30) bFirstRecompressUsingCurrentOrDefault(1) bTryAlternateCompressor(0) IsCompressedDataValid(0)
[2019.10.11-06.21.12:534][202]LogAnimationCompression: Building Anim DDC data for AnimSequence /Game/AnimStarterPack/Crouch_Idle_Rifle_Hip.Crouch_Idle_Rifle_Hip
[2019.10.11-06.21.12:534][202]LogAnimationCompression: Recompressing (AnimSequence /Game/AnimStarterPack/Crouch_Idle_Rifle_Hip.Crouch_Idle_Rifle_Hip) using current/default (AnimCompress_BitwiseCompressOnly_2) bFirstRecompressUsingCurrentOrDefault(1) bTryAlternateCompressor(0) IsCompressedDataValid(0)
[2019.10.11-06.21.12:537][202]LogAnimationCompression: Building Anim DDC data for AnimSequence /Game/AnimStarterPack/Jump_From_Stand.Jump_From_Stand
[2019.10.11-06.21.12:537][202]LogAnimationCompression: Recompressing (AnimSequence /Game/AnimStarterPack/Jump_From_Stand.Jump_From_Stand) using current/default (AnimCompress_BitwiseCompressOnly_39) bFirstRecompressUsingCurrentOrDefault(1) bTryAlternateCompressor(0) IsCompressedDataValid(0)
[2019.10.11-06.21.12:538][202]LogAnimationCompression: Building Anim DDC data for AnimSequence /Game/AnimStarterPack/Jump_From_Jog.Jump_From_Jog
[2019.10.11-06.21.12:538][202]LogAnimationCompression: Recompressing (AnimSequence /Game/AnimStarterPack/Jump_From_Jog.Jump_From_Jog) using current/default (AnimCompress_BitwiseCompressOnly_38) bFirstRecompressUsingCurrentOrDefault(1) bTryAlternateCompressor(0) IsCompressedDataValid(0)
[2019.10.11-06.21.12:542][202]LogAnimationCompression: Building Anim DDC data for AnimSequence /Game/AnimStarterPack/Crouch_Walk_Bwd_Rifle_Hip.Crouch_Walk_Bwd_Rifle_Hip
[2019.10.11-06.21.12:542][202]LogAnimationCompression: Recompressing (AnimSequence /Game/AnimStarterPack/Crouch_Walk_Bwd_Rifle_Hip.Crouch_Walk_Bwd_Rifle_Hip) using current/default (AnimCompress_BitwiseCompressOnly_6) bFirstRecompressUsingCurrentOrDefault(1) bTryAlternateCompressor(0) IsCompressedDataValid(0)
[2019.10.11-06.21.12:598][202]LogAssetEditorManager: Opening Asset editor for Blueprint /Game/AnimStarterPack/Ue4ASP_Character.Ue4ASP_Character
[2019.10.11-06.21.12:869][202]LogContentBrowser: Native class hierarchy updated for 'BlueprintGraph' in 0.0007 seconds. Added 121 classes and 0 folders.
[2019.10.11-06.21.13:767][202]LogSlate: Took 0.001259 seconds to synchronously load lazily loaded font '../../../Engine/Content/Slate/Fonts/Roboto-BoldCondensed.ttf' (158K)
[2019.10.11-06.21.13:959][203]LogSlate: Took 0.001688 seconds to synchronously load lazily loaded font '../../../Engine/Content/Slate/Fonts/Roboto-Italic.ttf' (157K)
[2019.10.11-06.21.18:680][298]LogSlate: Window 'Ue4ASP_Character' being destroyed
[2019.10.11-06.21.18:737][298]LogWorld: UWorld::CleanupWorld for World_15, bSessionEnded=true, bCleanupResources=true
[2019.10.11-06.21.44:338][876]LogAssetEditorManager: Opening Asset editor for AnimBlueprint /Game/AnimStarterPack/UE4ASP_HeroTPP_AnimBlueprint.UE4ASP_HeroTPP_AnimBlueprint
[2019.10.11-06.21.44:351][876]LogActorComponent: RegisterComponentWithWorld: (/Engine/Transient.World_19:PersistentLevel.AnimationEditorPreviewActor_0.DebugSkelMeshComponent_0) Already registered. Aborting.
[2019.10.11-06.21.44:652][876]LogSkeletalMesh: USkeletalMeshComponent::InitArticulated : Bodies already created (/Engine/Transient.World_19:PersistentLevel.AnimationEditorPreviewActor_0.DebugSkelMeshComponent_0) - call TermArticulated first.
[2019.10.11-06.21.49:145][167]LogSlate: Window 'UE4ASP_HeroTPP_AnimBlueprint' being destroyed
[2019.10.11-06.27.35:226][461]LogHttp: Warning: 0000023E06F465C0: invalid HTTP response code received. URL: https://datarouter.ol.epicgames.com/datarouter/api/v1/public/data?SessionID=%7B62347B09-4516-AC5F-7D04-B486A659914F%7D&AppID=UEEditor.Rocket.Release&AppVersion=4.23.0-8386587%2B%2B%2BUE4%2BRelease-4.23&UserID=0971a47140f89bf026ca1394a3e4c6a3%7Ce9a42ce074144d02a46e1c0970b33066%7C414a5a5e-b649-4708-b3ef-9c0bd5a330da&AppEnvironment=datacollector-binary&UploadType=eteventstream, HTTP code: 0, content length: -1, actual payload size: 0
[2019.10.11-06.27.35:226][461]LogHttp: Warning: 0000023E06F465C0: request failed, libcurl error: 0 (No error)
[2019.10.11-06.27.35:226][461]LogHttp: Warning: 0000023E06F465C0: libcurl info message cache 0 (Found bundle for host datarouter.ol.epicgames.com: 0x23d01907f70 [can pipeline])
[2019.10.11-06.27.35:226][461]LogHttp: Warning: 0000023E06F465C0: libcurl info message cache 1 (Re-using existing connection! (#4) with host datarouter.ol.epicgames.com)
[2019.10.11-06.27.35:226][461]LogHttp: Warning: 0000023E06F465C0: libcurl info message cache 2 (Connected to datarouter.ol.epicgames.com (52.70.110.70) port 443 (#4))
[2019.10.11-06.27.35:226][461]LogHttp: Warning: 0000023E06F465C0: libcurl info message cache 3 (We are completely uploaded and fine)
[2019.10.11-06.27.35:226][461]LogHttp: Warning: 0000023E06F465C0: libcurl info message cache 4 (TLSv1.2 (IN), TLS alert, Client hello (1):)
[2019.10.11-06.27.35:226][461]LogHttp: Warning: 0000023E06F465C0: libcurl info message cache 5 (Connection died, retrying a fresh connect)
[2019.10.11-06.27.35:226][461]LogHttp: Warning: 0000023E06F465C0: libcurl info message cache 6 (necessary data rewind wasn't possible)
[2019.10.11-06.27.35:227][461]LogHttp: Warning: 0000023E06F465C0: libcurl info message cache 7 (Closing connection 4)
[2019.10.11-06.27.35:227][461]LogHttp: Warning: 0000023E06F465C0: libcurl info message cache 8 (TLSv1.2 (OUT), TLS alert, Client hello (1):)
[2019.10.11-06.27.35:560][462]LogHttp: Warning: Retry exhausted on https://datarouter.ol.epicgames.com/datarouter/api/v1/public/data?SessionID=%7B62347B09-4516-AC5F-7D04-B486A659914F%7D&AppID=UEEditor.Rocket.Release&AppVersion=4.23.0-8386587%2B%2B%2BUE4%2BRelease-4.23&UserID=0971a47140f89bf026ca1394a3e4c6a3%7Ce9a42ce074144d02a46e1c0970b33066%7C414a5a5e-b649-4708-b3ef-9c0bd5a330da&AppEnvironment=datacollector-binary&UploadType=eteventstream
[2019.10.11-06.28.09:814][ 90]LogUObjectHash: Compacting FUObjectHashTables data took   3.87ms
[2019.10.11-06.28.09:814][ 90]LogFileHelpers: Editor autosave (incl. sublevels) for '/Game/Maps/P_TestMap' took 0.059
[2019.10.11-06.28.09:818][ 90]OBJ SavePackage: Generating thumbnails for [1] asset(s) in package [/Game/AnimStarterPack/UE4ASP_HeroTPP_AnimBlueprint] ([1] browsable assets)...
[2019.10.11-06.28.09:839][ 90]OBJ SavePackage:     Rendered thumbnail for [AnimBlueprint /Game/AnimStarterPack/UE4ASP_HeroTPP_AnimBlueprint.UE4ASP_HeroTPP_AnimBlueprint]
[2019.10.11-06.28.09:839][ 90]OBJ SavePackage: Finished generating thumbnails for package [/Game/AnimStarterPack/UE4ASP_HeroTPP_AnimBlueprint]
[2019.10.11-06.28.09:927][ 90]LogSavePackage: Moving 'E:/Unreal4/CO-OP-FPS-Game/COOPFPS/Saved/UE4ASP_HeroTPP_AnimBlueprint_AutD62F2555449B7B19DDDF3A88A3DF74E9.tmp' to 'E:/Unreal4/CO-OP-FPS-Game/COOPFPS/Saved/Autosaves/Game/AnimStarterPack/UE4ASP_HeroTPP_AnimBlueprint_Auto1.uasset'
[2019.10.11-06.28.09:928][ 90]LogFileHelpers: Auto-saving content packages took 0.112
[2019.10.11-06.31.19:202][194]BlueprintLog: New page: Compile UE4ASP_HeroTPP_AnimBlueprint
[2019.10.11-06.31.19:439][194]LogUObjectHash: Compacting FUObjectHashTables data took   4.72ms
[2019.10.11-06.31.19:518][194]Cmd: OBJ SAVEPACKAGE PACKAGE="/Game/AnimStarterPack/UE4ASP_HeroTPP_AnimBlueprint" FILE="E:/Unreal4/CO-OP-FPS-Game/COOPFPS/Content/AnimStarterPack/UE4ASP_HeroTPP_AnimBlueprint.uasset" SILENT=true
[2019.10.11-06.31.19:602][194]LogSavePackage: Moving 'E:/Unreal4/CO-OP-FPS-Game/COOPFPS/Saved/UE4ASP_HeroTPP_AnimBlueprint192B5E8A43FEC3ABAD7E8989669A45D4.tmp' to 'E:/Unreal4/CO-OP-FPS-Game/COOPFPS/Content/AnimStarterPack/UE4ASP_HeroTPP_AnimBlueprint.uasset'
[2019.10.11-06.31.20:011][228]Cmd: OBJ SAVEPACKAGE PACKAGE="/Game/AnimStarterPack/UE4ASP_HeroTPP_AnimBlueprint" FILE="E:/Unreal4/CO-OP-FPS-Game/COOPFPS/Content/AnimStarterPack/UE4ASP_HeroTPP_AnimBlueprint.uasset" SILENT=true
[2019.10.11-06.31.20:084][228]LogSavePackage: Moving 'E:/Unreal4/CO-OP-FPS-Game/COOPFPS/Saved/UE4ASP_HeroTPP_AnimBlueprint3CFC5D8D47E908F5AECCD896E6C3D8DD.tmp' to 'E:/Unreal4/CO-OP-FPS-Game/COOPFPS/Content/AnimStarterPack/UE4ASP_HeroTPP_AnimBlueprint.uasset'
[2019.10.11-06.31.43:201][487]LogWorld: UWorld::CleanupWorld for World_19, bSessionEnded=true, bCleanupResources=true
[2019.10.11-06.31.43:204][487]LogWorld: UWorld::CleanupWorld for World_18, bSessionEnded=true, bCleanupResources=true
[2019.10.11-06.31.43:294][487]LogWorld: UWorld::CleanupWorld for World_20, bSessionEnded=true, bCleanupResources=true
[2019.10.11-06.31.50:702][348]LogAssetEditorManager: Opening Asset editor for Blueprint /Game/Blueprints/PlayerPawn.PlayerPawn
[2019.10.11-06.31.52:532][441]LogSlate: Window 'PlayerPawn' being destroyed
[2019.10.11-06.31.52:581][441]LogWorld: UWorld::CleanupWorld for World_22, bSessionEnded=true, bCleanupResources=true
[2019.10.11-06.31.52:672][441]LogAssetEditorManager: Opening Asset editor for Blueprint /Game/Blueprints/PlayerPawn.PlayerPawn
[2019.10.11-06.32.08:706][865]BlueprintLog: New page: Compile PlayerPawn
[2019.10.11-06.32.08:948][865]LogUObjectHash: Compacting FUObjectHashTables data took   3.42ms
[2019.10.11-06.32.09:023][865]Cmd: OBJ SAVEPACKAGE PACKAGE="/Game/Blueprints/PlayerPawn" FILE="E:/Unreal4/CO-OP-FPS-Game/COOPFPS/Content/Blueprints/PlayerPawn.uasset" SILENT=true
[2019.10.11-06.32.09:039][865]LogSavePackage: Moving 'E:/Unreal4/CO-OP-FPS-Game/COOPFPS/Saved/PlayerPawn9740E2F44AFAF1AF299090BE9636F5AA.tmp' to 'E:/Unreal4/CO-OP-FPS-Game/COOPFPS/Content/Blueprints/PlayerPawn.uasset'
[2019.10.11-06.32.09:452][891]Cmd: OBJ SAVEPACKAGE PACKAGE="/Game/Blueprints/PlayerPawn" FILE="E:/Unreal4/CO-OP-FPS-Game/COOPFPS/Content/Blueprints/PlayerPawn.uasset" SILENT=true
[2019.10.11-06.32.09:460][891]LogSavePackage: Moving 'E:/Unreal4/CO-OP-FPS-Game/COOPFPS/Saved/PlayerPawnD115D1D94C1ED8B5794B14A927B30C9A.tmp' to 'E:/Unreal4/CO-OP-FPS-Game/COOPFPS/Content/Blueprints/PlayerPawn.uasset'
[2019.10.11-06.32.14:759][ 96]LogSlate: Window 'PlayerPawn' being destroyed
[2019.10.11-06.32.39:681][709]LogSlate: FSceneViewport::OnFocusLost() reason 0
[2019.10.11-06.32.43:134][105]LogAssetEditorManager: Opening Asset editor for AnimBlueprint /Game/AnimStarterPack/UE4ASP_HeroTPP_AnimBlueprint.UE4ASP_HeroTPP_AnimBlueprint
[2019.10.11-06.32.43:148][105]LogActorComponent: RegisterComponentWithWorld: (/Engine/Transient.World_25:PersistentLevel.AnimationEditorPreviewActor_0.DebugSkelMeshComponent_0) Already registered. Aborting.
[2019.10.11-06.32.43:448][105]LogSkeletalMesh: USkeletalMeshComponent::InitArticulated : Bodies already created (/Engine/Transient.World_25:PersistentLevel.AnimationEditorPreviewActor_0.DebugSkelMeshComponent_0) - call TermArticulated first.
[2019.10.11-06.34.16:341][811]BlueprintLog: New page: Compile UE4ASP_HeroTPP_AnimBlueprint
[2019.10.11-06.34.16:562][811]LogUObjectHash: Compacting FUObjectHashTables data took   3.69ms
[2019.10.11-06.34.16:636][811]Cmd: OBJ SAVEPACKAGE PACKAGE="/Game/AnimStarterPack/UE4ASP_HeroTPP_AnimBlueprint" FILE="E:/Unreal4/CO-OP-FPS-Game/COOPFPS/Content/AnimStarterPack/UE4ASP_HeroTPP_AnimBlueprint.uasset" SILENT=true
[2019.10.11-06.34.16:716][811]LogSavePackage: Moving 'E:/Unreal4/CO-OP-FPS-Game/COOPFPS/Saved/UE4ASP_HeroTPP_AnimBlueprint9E1C5AAC41970E88C6A36FB7AB105722.tmp' to 'E:/Unreal4/CO-OP-FPS-Game/COOPFPS/Content/AnimStarterPack/UE4ASP_HeroTPP_AnimBlueprint.uasset'
[2019.10.11-06.34.18:697][ 25]Cmd: OBJ SAVEPACKAGE PACKAGE="/Game/Maps/P_TestMap" FILE="E:/Unreal4/CO-OP-FPS-Game/COOPFPS/Content/Maps/P_TestMap.umap" SILENT=true AUTOSAVING=false KEEPDIRTY=false
[2019.10.11-06.34.18:747][ 25]LogUObjectHash: Compacting FUObjectHashTables data took   3.32ms
[2019.10.11-06.34.18:941][ 25]LogSavePackage: Moving 'E:/Unreal4/CO-OP-FPS-Game/COOPFPS/Saved/P_TestMap0A18D1E64D331933288D57B759C77C4E.tmp' to 'E:/Unreal4/CO-OP-FPS-Game/COOPFPS/Content/Maps/P_TestMap.umap'
[2019.10.11-06.34.18:960][ 25]Cmd: OBJ SAVEPACKAGE PACKAGE="/Game/Maps/P_TestMap_BuiltData" FILE="E:/Unreal4/CO-OP-FPS-Game/COOPFPS/Content/Maps/P_TestMap_BuiltData.uasset" SILENT=true
[2019.10.11-06.34.18:973][ 25]LogSavePackage: Moving 'E:/Unreal4/CO-OP-FPS-Game/COOPFPS/Saved/P_TestMap_BuiltData51D64A444F687BB18D6F3DBB47A7C9A4.tmp' to 'E:/Unreal4/CO-OP-FPS-Game/COOPFPS/Content/Maps/P_TestMap_BuiltData.uasset'
[2019.10.11-06.34.19:457][ 73]LogTemp: Repeating last play command: Selected Viewport
[2019.10.11-06.34.19:467][ 73]LogBlueprintUserMessages: Early PlayInEditor Detection: Level '/Game/Maps/P_TestMap.P_TestMap:PersistentLevel' has LevelScriptBlueprint '/Game/Maps/P_TestMap.P_TestMap:PersistentLevel.P_TestMap' with GeneratedClass '/Game/Maps/P_TestMap.P_TestMap_C' with ClassGeneratedBy '/Game/Maps/P_TestMap.P_TestMap:PersistentLevel.P_TestMap'
[2019.10.11-06.34.19:467][ 73]LogPlayLevel: PlayLevel: No blueprints needed recompiling
[2019.10.11-06.34.19:468][ 73]PIE: New page: PIE session: P_TestMap (Oct 12, 2019, 12:34:19 AM)
[2019.10.11-06.34.19:469][ 73]LogOnline: OSS: Creating online subsystem instance for: NULL
[2019.10.11-06.34.19:471][ 73]LogPlayLevel: Creating play world package: /Game/Maps/UEDPIE_0_P_TestMap
[2019.10.11-06.34.19:474][ 73]LogPlayLevel: PIE: StaticDuplicateObject took: (0.002668s)
[2019.10.11-06.34.19:476][ 73]LogAIModule: Creating AISystem for world P_TestMap
[2019.10.11-06.34.19:476][ 73]LogPlayLevel: PIE: World Init took: (0.001993s)
[2019.10.11-06.34.19:477][ 73]LogPlayLevel: PIE: Created PIE world by copying editor world from /Game/Maps/P_TestMap.P_TestMap to /Game/Maps/UEDPIE_0_P_TestMap.P_TestMap (0.005083s)
[2019.10.11-06.34.19:516][ 73]LogUObjectHash: Compacting FUObjectHashTables data took   2.77ms
[2019.10.11-06.34.19:530][ 73]LogInit: XAudio2 using '헤드셋 이어폰(Corsair VOID PRO Surround USB Sound Adapter)' : 6 channels at 48 kHz using 16 bits per sample (channel mask 0x3f)
[2019.10.11-06.34.19:690][ 73]LogInit: FAudioDevice initialized.
[2019.10.11-06.34.19:704][ 73]LogLoad: Game class is 'GameModeBase'
[2019.10.11-06.34.19:706][ 73]LogWorld: Bringing World /Game/Maps/UEDPIE_0_P_TestMap.P_TestMap up for play (max tick rate 0) at 2019.10.11-15.34.19
[2019.10.11-06.34.19:706][ 73]LogWorld: Bringing up level for play took: 0.001203
[2019.10.11-06.34.19:706][ 73]LogOnline: OSS: Creating online subsystem instance for: :Context_28
[2019.10.11-06.34.19:716][ 73]LogContentBrowser: Native class hierarchy updated for 'MovieSceneCapture' in 0.0004 seconds. Added 20 classes and 0 folders.
[2019.10.11-06.34.19:717][ 73]PIE: Play in editor start time for /Game/Maps/UEDPIE_0_P_TestMap 0.03
[2019.10.11-06.34.19:717][ 73]LogBlueprintUserMessages: Late PlayInEditor Detection: Level '/Game/Maps/P_TestMap.P_TestMap:PersistentLevel' has LevelScriptBlueprint '/Game/Maps/P_TestMap.P_TestMap:PersistentLevel.P_TestMap' with GeneratedClass '/Game/Maps/P_TestMap.P_TestMap_C' with ClassGeneratedBy '/Game/Maps/P_TestMap.P_TestMap:PersistentLevel.P_TestMap'
[2019.10.11-06.34.51:631][626]LogSlate: FSceneViewport::OnFocusLost() reason 0
[2019.10.11-06.34.51:708][635]Cmd: OBJ SAVEPACKAGE PACKAGE="/Game/Maps/P_TestMap" FILE="E:/Unreal4/CO-OP-FPS-Game/COOPFPS/Content/Maps/P_TestMap.umap" SILENT=true AUTOSAVING=false KEEPDIRTY=false
[2019.10.11-06.34.51:780][635]LogUObjectHash: Compacting FUObjectHashTables data took   4.45ms
[2019.10.11-06.34.51:988][635]LogSavePackage: Moving 'E:/Unreal4/CO-OP-FPS-Game/COOPFPS/Saved/P_TestMap937E050140CDC6E3F12044B1844BB846.tmp' to 'E:/Unreal4/CO-OP-FPS-Game/COOPFPS/Content/Maps/P_TestMap.umap'
[2019.10.11-06.34.52:005][635]Cmd: OBJ SAVEPACKAGE PACKAGE="/Game/Maps/P_TestMap_BuiltData" FILE="E:/Unreal4/CO-OP-FPS-Game/COOPFPS/Content/Maps/P_TestMap_BuiltData.uasset" SILENT=true
[2019.10.11-06.34.52:015][635]LogSavePackage: Moving 'E:/Unreal4/CO-OP-FPS-Game/COOPFPS/Saved/P_TestMap_BuiltData7236071B4C5F70CBF8C84D8E344917E5.tmp' to 'E:/Unreal4/CO-OP-FPS-Game/COOPFPS/Content/Maps/P_TestMap_BuiltData.uasset'
